<?xml version="1.0" encoding="UTF-8"?>
<!-- Generated by org.testng.reporters.JUnitXMLReporter -->
<testsuite ignored="0" hostname="Garimas-MacBook-Air-3.local" failures="0" tests="8" name="Test" time="56.358" errors="0" timestamp="2024-01-30T18:30:34 ICT">
  <testcase classname="selenium4Tests.handlingDropdowns" name="dropDowns" time="7.683"/>
  <testcase classname="selenium4Tests.handlingAlerts" name="alerts" time="4.159"/>
  <testcase classname="selenium4Tests.switchingWindow" name="switchWindow" time="14.392"/>
  <testcase classname="selenium4Tests.Navigation" name="navigate" time="16.097"/>
  <testcase classname="selenium4Tests.handlingLists" name="lists" time="5.434"/>
  <testcase classname="selenium4Tests.Screenshots" name="takeScreenshot" time="17.956"/>
  <testcase classname="selenium4Tests.switchingTabs" name="switchTab" time="18.239"/>
  <testcase classname="selenium4Tests.keyBoardActions" name="keyActions" time="11.635"/>
</testsuite> <!-- Test -->
