<?xml version="1.0" encoding="UTF-8"?>
<!-- Generated by org.testng.reporters.JUnitXMLReporter -->
<testsuite ignored="0" hostname="Garimas-MacBook-Air-3.local" failures="0" tests="7" name="Test" time="42.823" errors="0" timestamp="2024-01-29T18:59:41 ICT">
  <testcase classname="selenium4Tests.handlingDropdowns" name="dropDowns" time="6.854"/>
  <testcase classname="selenium4Tests.handlingAlerts" name="alerts" time="3.607"/>
  <testcase classname="selenium4Tests.switchingWindow" name="switchWindow" time="13.311"/>
  <testcase classname="selenium4Tests.Navigation" name="navigate" time="15.078"/>
  <testcase classname="selenium4Tests.handlingLists" name="lists" time="5.173"/>
  <testcase classname="selenium4Tests.Screenshots" name="takeScreenshot" time="16.397"/>
  <testcase classname="selenium4Tests.switchingTabs" name="switchTab" time="17.173"/>
</testsuite> <!-- Test -->
